2013-12-17 21:06:52 Error: [MissingControllerException] Controller class JsController could not be found.
Exception Attributes: array (
  'class' => 'JsController',
  'plugin' => NULL,
)
Request URL: /digital/js/business_ltd_1.0.js
Stack Trace:
#0 /Applications/XAMPP/xamppfiles/htdocs/digital/app/webroot/index.php(110): Dispatcher->dispatch(Object(CakeRequest), Object(CakeResponse))
#1 {main}
2013-12-17 21:09:20 Error: [MissingControllerException] Controller class CssController could not be found.
Exception Attributes: array (
  'class' => 'CssController',
  'plugin' => NULL,
)
Request URL: /digital/css/css/base.css
Stack Trace:
#0 /Applications/XAMPP/xamppfiles/htdocs/digital/app/webroot/index.php(110): Dispatcher->dispatch(Object(CakeRequest), Object(CakeResponse))
#1 {main}
2013-12-17 21:09:20 Error: [MissingControllerException] Controller class JsController could not be found.
Exception Attributes: array (
  'class' => 'JsController',
  'plugin' => NULL,
)
Request URL: /digital/js/business_ltd_1.0.js
Stack Trace:
#0 /Applications/XAMPP/xamppfiles/htdocs/digital/app/webroot/index.php(110): Dispatcher->dispatch(Object(CakeRequest), Object(CakeResponse))
#1 {main}
2013-12-17 21:09:26 Error: [MissingControllerException] Controller class JsController could not be found.
Exception Attributes: array (
  'class' => 'JsController',
  'plugin' => NULL,
)
Request URL: /digital/js/business_ltd_1.0.js
Stack Trace:
#0 /Applications/XAMPP/xamppfiles/htdocs/digital/app/webroot/index.php(110): Dispatcher->dispatch(Object(CakeRequest), Object(CakeResponse))
#1 {main}
2013-12-17 21:09:26 Error: [MissingControllerException] Controller class CssController could not be found.
Exception Attributes: array (
  'class' => 'CssController',
  'plugin' => NULL,
)
Request URL: /digital/css/css/base.css
Stack Trace:
#0 /Applications/XAMPP/xamppfiles/htdocs/digital/app/webroot/index.php(110): Dispatcher->dispatch(Object(CakeRequest), Object(CakeResponse))
#1 {main}
2013-12-17 21:09:34 Error: [MissingControllerException] Controller class CssController could not be found.
Exception Attributes: array (
  'class' => 'CssController',
  'plugin' => NULL,
)
Request URL: /digital/css/css/base.css
Stack Trace:
#0 /Applications/XAMPP/xamppfiles/htdocs/digital/app/webroot/index.php(110): Dispatcher->dispatch(Object(CakeRequest), Object(CakeResponse))
#1 {main}
2013-12-17 21:09:34 Error: [MissingControllerException] Controller class JsController could not be found.
Exception Attributes: array (
  'class' => 'JsController',
  'plugin' => NULL,
)
Request URL: /digital/js/business_ltd_1.0.js
Stack Trace:
#0 /Applications/XAMPP/xamppfiles/htdocs/digital/app/webroot/index.php(110): Dispatcher->dispatch(Object(CakeRequest), Object(CakeResponse))
#1 {main}
2013-12-17 21:10:32 Error: [MissingControllerException] Controller class JsController could not be found.
Exception Attributes: array (
  'class' => 'JsController',
  'plugin' => NULL,
)
Request URL: /digital/js/business_ltd_1.0.js
Stack Trace:
#0 /Applications/XAMPP/xamppfiles/htdocs/digital/app/webroot/index.php(110): Dispatcher->dispatch(Object(CakeRequest), Object(CakeResponse))
#1 {main}
2013-12-17 21:10:34 Error: [MissingControllerException] Controller class JsController could not be found.
Exception Attributes: array (
  'class' => 'JsController',
  'plugin' => NULL,
)
Request URL: /digital/js/business_ltd_1.0.js
Stack Trace:
#0 /Applications/XAMPP/xamppfiles/htdocs/digital/app/webroot/index.php(110): Dispatcher->dispatch(Object(CakeRequest), Object(CakeResponse))
#1 {main}
2013-12-17 21:10:40 Error: [MissingControllerException] Controller class JsController could not be found.
Exception Attributes: array (
  'class' => 'JsController',
  'plugin' => NULL,
)
Request URL: /digital/js/business_ltd_1.0.js
Stack Trace:
#0 /Applications/XAMPP/xamppfiles/htdocs/digital/app/webroot/index.php(110): Dispatcher->dispatch(Object(CakeRequest), Object(CakeResponse))
#1 {main}
2013-12-17 21:10:42 Error: [MissingControllerException] Controller class JsController could not be found.
Exception Attributes: array (
  'class' => 'JsController',
  'plugin' => NULL,
)
Request URL: /digital/js/business_ltd_1.0.js
Stack Trace:
#0 /Applications/XAMPP/xamppfiles/htdocs/digital/app/webroot/index.php(110): Dispatcher->dispatch(Object(CakeRequest), Object(CakeResponse))
#1 {main}
